2018-09-30T03:15:38.423Z - normal: Load ~/.CocosCreator/settings.json
2018-09-30T03:15:38.426Z - normal: checking language setting...
2018-09-30T03:15:38.426Z - normal: Language: zh
2018-09-30T03:15:40.021Z - success: protocol editor-framework registered
2018-09-30T03:15:40.021Z - success: protocol app registered
2018-09-30T03:15:40.021Z - success: protocol theme registered
2018-09-30T03:15:40.021Z - success: protocol packages registered
2018-09-30T03:15:40.021Z - success: protocol unpack registerred
2018-09-30T03:15:40.022Z - success: protocol disable-commonjs registerred
2018-09-30T03:15:40.173Z - normal: connected!
2018-09-30T03:15:40.174Z - normal: Check project E:\Work\snake\snake_code\client\branch\v1.1.0\SnakesMakeRounds_Rank
2018-09-30T03:15:40.175Z - normal: Initializing Cocos2d
2018-09-30T03:15:40.341Z - normal: Initializing Asset Database
2018-09-30T03:15:40.366Z - success: protocol uuid registerred
2018-09-30T03:15:40.366Z - success: protocol db registerred
2018-09-30T03:15:40.366Z - success: protocol thumbnail registerred
2018-09-30T03:15:40.366Z - normal: Loading editor/builtin packages
2018-09-30T03:15:40.384Z - success: anysdk loaded
2018-09-30T03:15:40.479Z - success: assets loaded
2018-09-30T03:15:40.480Z - success: builder loaded
2018-09-30T03:15:40.482Z - success: cocos-analytics loaded
2018-09-30T03:15:40.484Z - success: console loaded
2018-09-30T03:15:40.513Z - success: fb-instant-games loaded
2018-09-30T03:15:40.516Z - success: hierarchy loaded
2018-09-30T03:15:40.517Z - success: inspector loaded
2018-09-30T03:15:40.518Z - success: keystore loaded
2018-09-30T03:15:40.522Z - success: node-library loaded
2018-09-30T03:15:40.528Z - success: package-asset loaded
2018-09-30T03:15:40.529Z - success: preferences loaded
2018-09-30T03:15:40.531Z - success: project-exporter loaded
2018-09-30T03:15:40.541Z - success: project-importer loaded
2018-09-30T03:15:40.543Z - success: project-settings loaded
2018-09-30T03:15:40.544Z - success: ui-kit loaded
2018-09-30T03:15:40.545Z - success: ui-grid loaded
2018-09-30T03:15:40.547Z - success: scene loaded
2018-09-30T03:15:40.548Z - success: sprite-editor loaded
2018-09-30T03:15:40.549Z - success: store loaded
2018-09-30T03:15:40.552Z - success: timeline loaded
2018-09-30T03:15:40.552Z - normal: Loading builtin packages
2018-09-30T03:15:40.554Z - success: asset-db-debugger loaded
2018-09-30T03:15:40.555Z - success: code-editor loaded
2018-09-30T03:15:40.555Z - success: color-picker loaded
2018-09-30T03:15:40.556Z - success: package-manager loaded
2018-09-30T03:15:40.560Z - success: sdkbox loaded
2018-09-30T03:15:40.562Z - success: tester loaded
2018-09-30T03:15:40.563Z - success: ui-kit-preview-extra loaded
2018-09-30T03:15:40.564Z - success: ui-kit-preview loaded
2018-09-30T03:15:40.565Z - success: ui-tree loaded
2018-09-30T03:15:41.391Z - normal: Initializing project E:\Work\snake\snake_code\client\branch\v1.1.0\SnakesMakeRounds_Rank
2018-09-30T03:15:41.393Z - normal: Loading packages
2018-09-30T03:15:41.398Z - normal: Watching packages
2018-09-30T03:15:41.408Z - normal: Run Application
2018-09-30T03:15:42.265Z - success: preview server running at http://localhost:7458
2018-09-30T03:15:45.724Z - normal: 1.9.1
2018-09-30T03:16:20.583Z - normal: Start building with options : {
  "androidStudio": true,
  "apiLevel": "",
  "appABIs": [],
  "appKey": "",
  "appSecret": "",
  "buildPath": "E:\\Work\\snake\\snake_code\\client\\branch\\v1.1.0\\SnakesMakeRounds\\build-templates\\wechatgame",
  "debug": false,
  "dest": "E:\\Work\\snake\\snake_code\\client\\branch\\v1.1.0\\SnakesMakeRounds\\build-templates\\wechatgame\\wechatgame",
  "encryptJs": true,
  "excludeScenes": [],
  "excludedModules": [
    "CCSpriteDistortion",
    "LabelOutline",
    "ParticleSystem",
    "TiledMap",
    "Spine Skeleton",
    "Button",
    "ProgressBar",
    "ScrollBar",
    "Toggle",
    "PageView",
    "PageViewIndicator",
    "Slider",
    "EditorBox",
    "VideoPlayer",
    "WebView",
    "RichText",
    "AudioSource",
    "Animation",
    "MotionStreak",
    "Collider",
    "Action",
    "Audio",
    "Graphics",
    "DragonBones",
    "Physics",
    "StudioComponent",
    "RenderTexture",
    "Chipmunk",
    "Camera",
    "Intersection",
    "Native NetWork"
  ],
  "fb-instant-games": {},
  "includeAnySDK": false,
  "includeEruda": false,
  "includeSDKBox": false,
  "inlineSpriteFrames": true,
  "inlineSpriteFrames_native": false,
  "jailbreakPlatform": false,
  "md5Cache": false,
  "mergeStartScene": false,
  "oauthLoginServer": "",
  "optimizeHotUpdate": false,
  "orientation": {
    "landscapeLeft": true,
    "landscapeRight": true,
    "portrait": false,
    "upsideDown": false
  },
  "packageName": "org.cocos2d.wx-sub-test",
  "platform": "wechatgame",
  "previewHeight": "720",
  "previewWidth": "1280",
  "privateKey": "",
  "qqplay": {
    "orientation": "portrait"
  },
  "renderMode": "1",
  "scenes": [
    "e811a958-0472-493d-9664-d1a53f442ce0"
  ],
  "sourceMaps": false,
  "startScene": "e811a958-0472-493d-9664-d1a53f442ce0",
  "template": "link",
  "title": "SnakesMakeRounds_Rank",
  "useDebugKeystore": true,
  "vsVersion": "auto",
  "webOrientation": "auto",
  "wechatgame": {
    "REMOTE_SERVER_ROOT": "",
    "appid": "wx6ac3f5090a6b99c5",
    "buildsub": true,
    "hasSubdomain": true,
    "isSubdomain": true,
    "orientation": "landscape"
  },
  "xxteaKey": "0f6c60db-2545-4d",
  "zipCompressJs": true,
  "project": "E:\\Work\\snake\\snake_code\\client\\branch\\v1.1.0\\SnakesMakeRounds_Rank",
  "projectName": "SnakesMakeRounds_Rank",
  "debugBuildWorker": false
}
2018-09-30T03:16:20.586Z - normal: Building E:\Work\snake\snake_code\client\branch\v1.1.0\SnakesMakeRounds_Rank
2018-09-30T03:16:20.586Z - normal: Destination E:\Work\snake\snake_code\client\branch\v1.1.0\SnakesMakeRounds\build-templates\wechatgame\SnakesMakeRounds_Rank
2018-09-30T03:16:20.823Z - normal: Delete E:\Work\snake\snake_code\client\branch\v1.1.0\SnakesMakeRounds\build-templates\wechatgame\SnakesMakeRounds_Rank\**\*
2018-09-30T03:16:35.450Z - normal: Compiled project javascript file successfully
2018-09-30T03:16:35.451Z - normal: Start building assets
2018-09-30T03:16:35.452Z - normal: Start spawn build-worker
2018-09-30T03:16:36.014Z - normal: Finish spawn build-worker
2018-09-30T03:16:36.014Z - normal: Start init build-worker
2018-09-30T03:16:37.650Z - normal: 1.9.1
2018-09-30T03:16:37.718Z - normal: Finish init build-worker
2018-09-30T03:16:37.718Z - normal: Start build-assets in worker
2018-09-30T03:16:37.895Z - normal: Finish build-assets in worker
2018-09-30T03:16:37.902Z - normal: Finish building assets
2018-09-30T03:16:37.913Z - normal: Start building raw assets
2018-09-30T03:16:37.914Z - normal: Start building plugin scripts
2018-09-30T03:16:37.976Z - normal: Finish building raw assets
2018-09-30T03:16:37.979Z - normal: Generating main.js from D:\CocosCreator\resources\static\build-templates\shares\main.js
2018-09-30T03:16:38.102Z - normal: Built to "E:\Work\snake\snake_code\client\branch\v1.1.0\SnakesMakeRounds\build-templates\wechatgame\wechatgame" successfully
2018-09-30T03:21:39.853Z - normal: Start building with options : {
  "androidStudio": true,
  "apiLevel": "",
  "appABIs": [],
  "appKey": "",
  "appSecret": "",
  "buildPath": "E:\\Work\\snake\\snake_code\\client\\branch\\v1.1.0\\SnakesMakeRounds\\build-templates\\wechatgame",
  "debug": true,
  "dest": "E:\\Work\\snake\\snake_code\\client\\branch\\v1.1.0\\SnakesMakeRounds\\build-templates\\wechatgame\\wechatgame",
  "encryptJs": true,
  "excludeScenes": [],
  "excludedModules": [
    "CCSpriteDistortion",
    "LabelOutline",
    "ParticleSystem",
    "TiledMap",
    "Spine Skeleton",
    "Button",
    "ProgressBar",
    "ScrollBar",
    "Toggle",
    "PageView",
    "PageViewIndicator",
    "Slider",
    "EditorBox",
    "VideoPlayer",
    "WebView",
    "RichText",
    "AudioSource",
    "Animation",
    "MotionStreak",
    "Collider",
    "Action",
    "Audio",
    "Graphics",
    "DragonBones",
    "Physics",
    "StudioComponent",
    "RenderTexture",
    "Chipmunk",
    "Camera",
    "Intersection",
    "Native NetWork"
  ],
  "fb-instant-games": {},
  "includeAnySDK": false,
  "includeEruda": false,
  "includeSDKBox": false,
  "inlineSpriteFrames": true,
  "inlineSpriteFrames_native": false,
  "jailbreakPlatform": false,
  "md5Cache": false,
  "mergeStartScene": false,
  "oauthLoginServer": "",
  "optimizeHotUpdate": false,
  "orientation": {
    "landscapeLeft": true,
    "landscapeRight": true,
    "portrait": false,
    "upsideDown": false
  },
  "packageName": "org.cocos2d.wx-sub-test",
  "platform": "wechatgame",
  "previewHeight": "720",
  "previewWidth": "1280",
  "privateKey": "",
  "qqplay": {
    "orientation": "portrait"
  },
  "renderMode": "1",
  "scenes": [
    "e811a958-0472-493d-9664-d1a53f442ce0"
  ],
  "sourceMaps": true,
  "startScene": "e811a958-0472-493d-9664-d1a53f442ce0",
  "template": "link",
  "title": "SnakesMakeRounds_Rank",
  "useDebugKeystore": true,
  "vsVersion": "auto",
  "webOrientation": "auto",
  "wechatgame": {
    "REMOTE_SERVER_ROOT": "",
    "appid": "wx6ac3f5090a6b99c5",
    "buildsub": true,
    "hasSubdomain": true,
    "isSubdomain": true,
    "orientation": "landscape"
  },
  "xxteaKey": "0f6c60db-2545-4d",
  "zipCompressJs": true,
  "project": "E:\\Work\\snake\\snake_code\\client\\branch\\v1.1.0\\SnakesMakeRounds_Rank",
  "projectName": "SnakesMakeRounds_Rank",
  "debugBuildWorker": false
}
2018-09-30T03:21:39.861Z - normal: Building E:\Work\snake\snake_code\client\branch\v1.1.0\SnakesMakeRounds_Rank
2018-09-30T03:21:39.861Z - normal: Destination E:\Work\snake\snake_code\client\branch\v1.1.0\SnakesMakeRounds\build-templates\wechatgame\SnakesMakeRounds_Rank
2018-09-30T03:21:39.862Z - normal: Delete E:\Work\snake\snake_code\client\branch\v1.1.0\SnakesMakeRounds\build-templates\wechatgame\SnakesMakeRounds_Rank\**\*
2018-09-30T03:21:52.898Z - normal: Compiled project javascript file successfully
2018-09-30T03:21:52.899Z - normal: Start building assets
2018-09-30T03:21:52.899Z - normal: Start spawn build-worker
2018-09-30T03:21:53.483Z - normal: Finish spawn build-worker
2018-09-30T03:21:53.483Z - normal: Start init build-worker
2018-09-30T03:21:55.189Z - normal: 1.9.1
2018-09-30T03:21:55.257Z - normal: Finish init build-worker
2018-09-30T03:21:55.257Z - normal: Start build-assets in worker
2018-09-30T03:21:55.421Z - normal: Finish build-assets in worker
2018-09-30T03:21:55.427Z - normal: Finish building assets
2018-09-30T03:21:55.436Z - normal: Start building raw assets
2018-09-30T03:21:55.436Z - normal: Start building plugin scripts
2018-09-30T03:21:55.478Z - normal: Finish building raw assets
2018-09-30T03:21:55.481Z - normal: Generating main.js from D:\CocosCreator\resources\static\build-templates\shares\main.js
2018-09-30T03:21:55.620Z - normal: Built to "E:\Work\snake\snake_code\client\branch\v1.1.0\SnakesMakeRounds\build-templates\wechatgame\wechatgame" successfully
2018-09-30T03:28:02.998Z - normal: Start building with options : {
  "androidStudio": true,
  "apiLevel": "",
  "appABIs": [],
  "appKey": "",
  "appSecret": "",
  "buildPath": "E:\\Work\\snake\\snake_code\\client\\branch\\v1.1.0\\SnakesMakeRounds\\build-templates\\wechatgame",
  "debug": false,
  "dest": "E:\\Work\\snake\\snake_code\\client\\branch\\v1.1.0\\SnakesMakeRounds\\build-templates\\wechatgame\\wechatgame",
  "encryptJs": true,
  "excludeScenes": [],
  "excludedModules": [
    "CCSpriteDistortion",
    "LabelOutline",
    "ParticleSystem",
    "TiledMap",
    "Spine Skeleton",
    "Button",
    "ProgressBar",
    "ScrollBar",
    "Toggle",
    "PageView",
    "PageViewIndicator",
    "Slider",
    "EditorBox",
    "VideoPlayer",
    "WebView",
    "RichText",
    "AudioSource",
    "Animation",
    "MotionStreak",
    "Collider",
    "Action",
    "Audio",
    "Graphics",
    "DragonBones",
    "Physics",
    "StudioComponent",
    "RenderTexture",
    "Chipmunk",
    "Camera",
    "Intersection",
    "Native NetWork"
  ],
  "fb-instant-games": {},
  "includeAnySDK": false,
  "includeEruda": false,
  "includeSDKBox": false,
  "inlineSpriteFrames": true,
  "inlineSpriteFrames_native": false,
  "jailbreakPlatform": false,
  "md5Cache": false,
  "mergeStartScene": false,
  "oauthLoginServer": "",
  "optimizeHotUpdate": false,
  "orientation": {
    "landscapeLeft": true,
    "landscapeRight": true,
    "portrait": false,
    "upsideDown": false
  },
  "packageName": "org.cocos2d.wx-sub-test",
  "platform": "wechatgame",
  "previewHeight": "720",
  "previewWidth": "1280",
  "privateKey": "",
  "qqplay": {
    "orientation": "portrait"
  },
  "renderMode": "1",
  "scenes": [
    "e811a958-0472-493d-9664-d1a53f442ce0"
  ],
  "sourceMaps": false,
  "startScene": "e811a958-0472-493d-9664-d1a53f442ce0",
  "template": "link",
  "title": "SnakesMakeRounds_Rank",
  "useDebugKeystore": true,
  "vsVersion": "auto",
  "webOrientation": "auto",
  "wechatgame": {
    "REMOTE_SERVER_ROOT": "",
    "appid": "wx6ac3f5090a6b99c5",
    "buildsub": true,
    "hasSubdomain": true,
    "isSubdomain": true,
    "orientation": "landscape"
  },
  "xxteaKey": "0f6c60db-2545-4d",
  "zipCompressJs": true,
  "project": "E:\\Work\\snake\\snake_code\\client\\branch\\v1.1.0\\SnakesMakeRounds_Rank",
  "projectName": "SnakesMakeRounds_Rank",
  "debugBuildWorker": false
}
2018-09-30T03:28:03.007Z - normal: Building E:\Work\snake\snake_code\client\branch\v1.1.0\SnakesMakeRounds_Rank
2018-09-30T03:28:03.007Z - normal: Destination E:\Work\snake\snake_code\client\branch\v1.1.0\SnakesMakeRounds\build-templates\wechatgame\SnakesMakeRounds_Rank
2018-09-30T03:28:03.008Z - normal: Delete E:\Work\snake\snake_code\client\branch\v1.1.0\SnakesMakeRounds\build-templates\wechatgame\SnakesMakeRounds_Rank\**\*
2018-09-30T03:28:19.590Z - normal: Compiled project javascript file successfully
2018-09-30T03:28:19.592Z - normal: Start building assets
2018-09-30T03:28:19.592Z - normal: Start spawn build-worker
2018-09-30T03:28:20.155Z - normal: Finish spawn build-worker
2018-09-30T03:28:20.155Z - normal: Start init build-worker
2018-09-30T03:28:21.796Z - normal: 1.9.1
2018-09-30T03:28:21.867Z - normal: Finish init build-worker
2018-09-30T03:28:21.867Z - normal: Start build-assets in worker
2018-09-30T03:28:22.033Z - normal: Finish build-assets in worker
2018-09-30T03:28:22.038Z - normal: Finish building assets
2018-09-30T03:28:22.059Z - normal: Start building raw assets
2018-09-30T03:28:22.059Z - normal: Start building plugin scripts
2018-09-30T03:28:22.103Z - normal: Finish building raw assets
2018-09-30T03:28:22.105Z - normal: Generating main.js from D:\CocosCreator\resources\static\build-templates\shares\main.js
2018-09-30T03:28:22.225Z - normal: Built to "E:\Work\snake\snake_code\client\branch\v1.1.0\SnakesMakeRounds\build-templates\wechatgame\wechatgame" successfully
2018-09-30T05:53:00.815Z - info: shutdown preview server
